Determining if the pthread_create exist failed with the following output:
Change Dir: /home/james/PycharmProjects/IMU_Vision_Interaction/catkin_ws/build/CMakeFiles/CMakeTmp

Run Build Command:"/usr/bin/make" "cmTC_3119d/fast"
/usr/bin/make -f CMakeFiles/cmTC_3119d.dir/build.make CMakeFiles/cmTC_3119d.dir/build
make[1]: Entering directory '/home/james/PycharmProjects/IMU_Vision_Interaction/catkin_ws/build/CMakeFiles/CMakeTmp'
Building C object CMakeFiles/cmTC_3119d.dir/CheckSymbolExists.c.o
/usr/bin/cc    -o CMakeFiles/cmTC_3119d.dir/CheckSymbolExists.c.o   -c /home/james/PycharmProjects/IMU_Vision_Interaction/catkin_ws/build/CMakeFiles/CMakeTmp/CheckSymbolExists.c
Linking C executable cmTC_3119d
/usr/bin/cmake -E cmake_link_script CMakeFiles/cmTC_3119d.dir/link.txt --verbose=1
/usr/bin/cc      -rdynamic CMakeFiles/cmTC_3119d.dir/CheckSymbolExists.c.o  -o cmTC_3119d 
CMakeFiles/cmTC_3119d.dir/CheckSymbolExists.c.o: In function `main':
CheckSymbolExists.c:(.text+0x1b): undefined reference to `pthread_create'
collect2: error: ld returned 1 exit status
CMakeFiles/cmTC_3119d.dir/build.make:97: recipe for target 'cmTC_3119d' failed
make[1]: *** [cmTC_3119d] Error 1
make[1]: Leaving directory '/home/james/PycharmProjects/IMU_Vision_Interaction/catkin_ws/build/CMakeFiles/CMakeTmp'
Makefile:126: recipe for target 'cmTC_3119d/fast' failed
make: *** [cmTC_3119d/fast] Error 2

File /home/james/PycharmProjects/IMU_Vision_Interaction/catkin_ws/build/CMakeFiles/CMakeTmp/CheckSymbolExists.c:
/* */
#include <pthread.h>

int main(int argc, char** argv)
{
  (void)argv;
#ifndef pthread_create
  return ((int*)(&pthread_create))[argc];
#else
  (void)argc;
  return 0;
#endif
}

Determining if the function pthread_create exists in the pthreads failed with the following output:
Change Dir: /home/james/PycharmProjects/IMU_Vision_Interaction/catkin_ws/build/CMakeFiles/CMakeTmp

Run Build Command:"/usr/bin/make" "cmTC_2d14d/fast"
/usr/bin/make -f CMakeFiles/cmTC_2d14d.dir/build.make CMakeFiles/cmTC_2d14d.dir/build
make[1]: Entering directory '/home/james/PycharmProjects/IMU_Vision_Interaction/catkin_ws/build/CMakeFiles/CMakeTmp'
Building C object CMakeFiles/cmTC_2d14d.dir/CheckFunctionExists.c.o
/usr/bin/cc   -DCHECK_FUNCTION_EXISTS=pthread_create   -o CMakeFiles/cmTC_2d14d.dir/CheckFunctionExists.c.o   -c /usr/share/cmake-3.10/Modules/CheckFunctionExists.c
Linking C executable cmTC_2d14d
/usr/bin/cmake -E cmake_link_script CMakeFiles/cmTC_2d14d.dir/link.txt --verbose=1
/usr/bin/cc  -DCHECK_FUNCTION_EXISTS=pthread_create    -rdynamic CMakeFiles/cmTC_2d14d.dir/CheckFunctionExists.c.o  -o cmTC_2d14d -lpthreads 
/usr/bin/ld: cannot find -lpthreads
collect2: error: ld returned 1 exit status
CMakeFiles/cmTC_2d14d.dir/build.make:97: recipe for target 'cmTC_2d14d' failed
make[1]: *** [cmTC_2d14d] Error 1
make[1]: Leaving directory '/home/james/PycharmProjects/IMU_Vision_Interaction/catkin_ws/build/CMakeFiles/CMakeTmp'
Makefile:126: recipe for target 'cmTC_2d14d/fast' failed
make: *** [cmTC_2d14d/fast] Error 2


